Simple mixer control 'PCM',0
Simple mixer control 'Mic PGA',0
Simple mixer control 'ADC Level',0
Simple mixer control 'ADCFGA Left Mute',0
Simple mixer control 'ADCFGA Right Mute',0
Simple mixer control 'AGC Attack Time',0
Simple mixer control 'AGC Decay Time',0
Simple mixer control 'AGC Gain Hysteresis',0
Simple mixer control 'AGC Hysteresis',0
Simple mixer control 'AGC Left',0
Simple mixer control 'AGC Max PGA',0
Simple mixer control 'AGC Noise Debounce',0
Simple mixer control 'AGC Noise Threshold',0
Simple mixer control 'AGC Right',0
Simple mixer control 'AGC Signal Debounce',0
Simple mixer control 'AGC Target Level',0
Simple mixer control 'CM_L to Left Mixer Negative Resistor',0
Simple mixer control 'CM_R to Right Mixer Negative Resistor',0
Simple mixer control 'DAC Left Playback PowerTune',0
Simple mixer control 'DAC Right Playback PowerTune',0
Simple mixer control 'HP DAC',0
Simple mixer control 'HP Driver Gain',0
Simple mixer control 'HPL Output Mixer IN1_L',0
Simple mixer control 'HPL Output Mixer L_DAC',0
Simple mixer control 'HPR Output Mixer IN1_R',0
Simple mixer control 'HPR Output Mixer R_DAC',0
Simple mixer control 'IN1_L to Left Mixer Positive Resistor',0
Simple mixer control 'IN1_L to Right Mixer Negative Resistor',0
Simple mixer control 'IN1_R to Left Mixer Positive Resistor',0
Simple mixer control 'IN1_R to Right Mixer Positive Resistor',0
Simple mixer control 'IN2_L to Left Mixer Positive Resistor',0
Simple mixer control 'IN2_L to Right Mixer Positive Resistor',0
Simple mixer control 'IN2_R to Left Mixer Negative Resistor',0
Simple mixer control 'IN2_R to Right Mixer Positive Resistor',0
Simple mixer control 'IN3_L to Left Mixer Positive Resistor',0
Simple mixer control 'IN3_L to Right Mixer Negative Resistor',0
Simple mixer control 'IN3_R to Left Mixer Negative Resistor',0
Simple mixer control 'IN3_R to Right Mixer Positive Resistor',0
Simple mixer control 'LO DAC',0
Simple mixer control 'LO Driver Gain',0
Simple mixer control 'LO Playback Common Mode',0
Simple mixer control 'LOL Output Mixer L_DAC',0
Simple mixer control 'LOR Output Mixer R_DAC',0
Simple mixer control 'PGA Level',0
